command mode: PWR, selected: #3

command mode: PWR, selected: #3

command mode: PWR, selected: #3

command mode: PWR, selected: #3

command mode: PWR, selected: #3

POWERMODE CHANGING
POWERMODE CHANGING
=================================
Mode : Performance
PWR_CTRL:  E
ACC_CONF: A8
GYR_CONF: E9
PWR_CONF:  2
ACC_ODR :  8
GYR_ODR :  9
=================================
=================================
Mode : Performance
PWR_CTRL:  E
ACC_CONF: A8
GYR_CONF: E9
PWR_CONF:  2
ACC_ODR :  8
GYR_ODR :  9
=================================
