
Algoritmo de inicializacion finalizado.

Init_s
atus.0: 1 
Comprobacion Inicializacion: OK


Softreset: OK

valor de CHIPID: 24 

Chip reconocido.

Inicializando ...

Config_file cargado.


Algoritmo de inicializacion finalizado.

I
it_status.0: 1 
Comprobacion Inicializacion: OK




Config_file cargado.


Algoritmo de inicializacion finalizado.

I
it_status.0: 1 
Comprobacion Inicializacion: OK



Config_file cargado.


Algoritmo de inicializacion finalizado.

I
it_status.0: 1 
Comprobacion Inicializacion: OK


